2023-05-18 15:57:59,539 (INFO): a escutar no porto 8000
2023-05-18 15:58:02,706 (INFO): o cliente com endereço ('127.0.0.1', 51180) ligou-se!
2023-05-18 15:58:03,442 (DEBUG): o cliente enviou: "dire"
2023-05-18 15:58:03,443 (DEBUG): o cliente enviou: "p1"
2023-05-18 16:01:10,223 (INFO): a escutar no porto 8000
2023-05-18 16:01:13,659 (INFO): o cliente com endereço ('127.0.0.1', 51200) ligou-se!
2023-05-18 16:01:14,187 (DEBUG): o cliente enviou: "baix"
2023-05-18 16:01:14,187 (DEBUG): o cliente enviou: "p1"
2023-05-18 16:01:14,989 (DEBUG): o cliente enviou: "baix"
2023-05-18 16:01:14,989 (DEBUG): o cliente enviou: "p1"
2023-05-18 16:01:15,388 (DEBUG): o cliente enviou: "dire"
2023-05-18 16:01:15,388 (DEBUG): o cliente enviou: "p1"
2023-05-18 16:01:15,989 (DEBUG): o cliente enviou: "dire"
2023-05-18 16:01:15,990 (DEBUG): o cliente enviou: "p1"
2023-05-18 16:01:17,193 (DEBUG): o cliente enviou: "cima"
2023-05-18 16:01:17,193 (DEBUG): o cliente enviou: "p1"
2023-05-18 16:01:18,095 (DEBUG): o cliente enviou: "baix"
2023-05-18 16:01:18,095 (DEBUG): o cliente enviou: "p1"
2023-05-18 16:01:18,894 (DEBUG): o cliente enviou: "esqu"
2023-05-18 16:01:18,895 (DEBUG): o cliente enviou: "p1"
2023-05-18 16:01:19,996 (DEBUG): o cliente enviou: "esqu"
2023-05-18 16:01:19,996 (DEBUG): o cliente enviou: "p1"
2023-05-18 16:01:20,697 (DEBUG): o cliente enviou: "baix"
2023-05-18 16:01:20,698 (DEBUG): o cliente enviou: "p1"
2023-05-18 16:01:21,399 (DEBUG): o cliente enviou: "baix"
2023-05-18 16:01:21,399 (DEBUG): o cliente enviou: "p1"
2023-05-18 16:01:21,901 (DEBUG): o cliente enviou: "dire"
2023-05-18 16:01:21,901 (DEBUG): o cliente enviou: "p1"
2023-05-18 16:01:22,304 (DEBUG): o cliente enviou: "dire"
2023-05-18 16:01:22,304 (DEBUG): o cliente enviou: "p1"
2023-05-18 16:01:22,705 (DEBUG): o cliente enviou: "dire"
2023-05-18 16:01:22,705 (DEBUG): o cliente enviou: "p1"
2023-05-18 16:01:23,104 (DEBUG): o cliente enviou: "dire"
2023-05-18 16:01:23,104 (DEBUG): o cliente enviou: "p1"
2023-05-18 16:01:23,505 (DEBUG): o cliente enviou: "dire"
2023-05-18 16:01:23,506 (DEBUG): o cliente enviou: "p1"
2023-05-18 16:01:23,605 (DEBUG): o cliente enviou: "dire"
2023-05-18 16:01:23,606 (DEBUG): o cliente enviou: "p1"
2023-05-18 16:01:23,706 (DEBUG): o cliente enviou: "dire"
2023-05-18 16:01:23,707 (DEBUG): o cliente enviou: "p1"
2023-05-18 16:01:23,806 (DEBUG): o cliente enviou: "dire"
2023-05-18 16:01:23,807 (DEBUG): o cliente enviou: "p1"
2023-05-18 16:01:23,907 (DEBUG): o cliente enviou: "dire"
2023-05-18 16:01:23,907 (DEBUG): o cliente enviou: "p1"
2023-05-18 16:01:24,008 (DEBUG): o cliente enviou: "dire"
2023-05-18 16:01:24,008 (DEBUG): o cliente enviou: "p1"
2023-05-18 16:01:24,310 (DEBUG): o cliente enviou: "esqu"
2023-05-18 16:01:24,310 (DEBUG): o cliente enviou: "p1"
2023-05-18 16:01:24,411 (DEBUG): o cliente enviou: "esqu"
2023-05-18 16:01:24,411 (DEBUG): o cliente enviou: "p1"
2023-05-18 16:01:24,511 (DEBUG): o cliente enviou: "esqu"
2023-05-18 16:01:24,511 (DEBUG): o cliente enviou: "p1"
2023-05-18 16:01:24,612 (DEBUG): o cliente enviou: "esqu"
2023-05-18 16:01:24,612 (DEBUG): o cliente enviou: "p1"
2023-05-18 16:01:24,713 (DEBUG): o cliente enviou: "esqu"
2023-05-18 16:01:24,713 (DEBUG): o cliente enviou: "p1"
2023-05-18 16:01:25,115 (DEBUG): o cliente enviou: "esqu"
2023-05-18 16:01:25,115 (DEBUG): o cliente enviou: "p1"
2023-05-18 16:01:25,518 (DEBUG): o cliente enviou: "cima"
2023-05-18 16:01:25,518 (DEBUG): o cliente enviou: "p1"
2023-05-18 16:01:25,718 (DEBUG): o cliente enviou: "cima"
2023-05-18 16:01:25,718 (DEBUG): o cliente enviou: "p1"
2023-05-18 16:01:26,019 (DEBUG): o cliente enviou: "baix"
2023-05-18 16:01:26,019 (DEBUG): o cliente enviou: "p1"
2023-05-18 16:01:26,220 (DEBUG): o cliente enviou: "baix"
2023-05-18 16:01:26,220 (DEBUG): o cliente enviou: "p1"
2023-05-18 16:01:26,522 (DEBUG): o cliente enviou: "baix"
2023-05-18 16:01:26,522 (DEBUG): o cliente enviou: "p1"
2023-05-18 16:01:26,724 (DEBUG): o cliente enviou: "baix"
2023-05-18 16:01:26,724 (DEBUG): o cliente enviou: "p1"
2023-05-18 16:01:26,926 (DEBUG): o cliente enviou: "baix"
2023-05-18 16:01:26,926 (DEBUG): o cliente enviou: "p1"
2023-05-18 16:01:27,127 (DEBUG): o cliente enviou: "dire"
2023-05-18 16:01:27,127 (DEBUG): o cliente enviou: "p1"
2023-05-18 16:01:27,429 (DEBUG): o cliente enviou: "baix"
2023-05-18 16:01:27,429 (DEBUG): o cliente enviou: "p1"
2023-05-18 16:01:27,629 (DEBUG): o cliente enviou: "dire"
2023-05-18 16:01:27,629 (DEBUG): o cliente enviou: "p1"
2023-05-18 16:01:27,830 (DEBUG): o cliente enviou: "dire"
2023-05-18 16:01:27,830 (DEBUG): o cliente enviou: "p1"
2023-05-18 16:01:27,930 (DEBUG): o cliente enviou: "dire"
2023-05-18 16:01:27,930 (DEBUG): o cliente enviou: "p1"
2023-05-18 16:01:28,231 (DEBUG): o cliente enviou: "esqu"
2023-05-18 16:01:28,231 (DEBUG): o cliente enviou: "p1"
2023-05-18 16:01:28,432 (DEBUG): o cliente enviou: "esqu"
2023-05-18 16:01:28,432 (DEBUG): o cliente enviou: "p1"
2023-05-18 16:01:28,736 (DEBUG): o cliente enviou: "esqu"
2023-05-18 16:01:28,736 (DEBUG): o cliente enviou: "p1"
2023-05-18 16:01:28,938 (DEBUG): o cliente enviou: "esqu"
2023-05-18 16:01:28,938 (DEBUG): o cliente enviou: "p1"
2023-05-18 16:01:29,341 (DEBUG): o cliente enviou: "cima"
2023-05-18 16:01:29,341 (DEBUG): o cliente enviou: "p1"
2023-05-18 16:01:29,645 (DEBUG): o cliente enviou: "cima"
2023-05-18 16:01:29,645 (DEBUG): o cliente enviou: "p1"
2023-05-18 16:01:29,844 (DEBUG): o cliente enviou: "cima"
2023-05-18 16:01:29,845 (DEBUG): o cliente enviou: "p1"
2023-05-18 16:01:30,347 (DEBUG): o cliente enviou: "cima"
2023-05-18 16:01:30,348 (DEBUG): o cliente enviou: "p1"
2023-05-18 16:01:30,549 (DEBUG): o cliente enviou: "cima"
2023-05-18 16:01:30,549 (DEBUG): o cliente enviou: "p1"
2023-05-18 16:01:31,049 (DEBUG): o cliente enviou: "dire"
2023-05-18 16:01:31,049 (DEBUG): o cliente enviou: "p1"
2023-05-18 16:01:31,550 (DEBUG): o cliente enviou: "esqu"
2023-05-18 16:01:31,550 (DEBUG): o cliente enviou: "p1"
2023-05-18 16:01:31,750 (DEBUG): o cliente enviou: "cima"
2023-05-18 16:01:31,750 (DEBUG): o cliente enviou: "p1"
2023-05-18 16:01:31,950 (DEBUG): o cliente enviou: "cima"
2023-05-18 16:01:31,951 (DEBUG): o cliente enviou: "p1"
2023-05-18 16:01:32,152 (DEBUG): o cliente enviou: "cima"
2023-05-18 16:01:32,152 (DEBUG): o cliente enviou: "p1"
2023-05-18 16:01:32,350 (DEBUG): o cliente enviou: "cima"
2023-05-18 16:01:32,350 (DEBUG): o cliente enviou: "p1"
2023-05-18 16:01:33,552 (DEBUG): o cliente enviou: "cima"
2023-05-18 16:01:33,552 (DEBUG): o cliente enviou: "p1"
2023-05-18 16:01:34,357 (DEBUG): o cliente enviou: "cima"
2023-05-18 16:01:34,357 (DEBUG): o cliente enviou: "p1"
2023-05-18 16:01:34,557 (DEBUG): o cliente enviou: "cima"
2023-05-18 16:01:34,557 (DEBUG): o cliente enviou: "p1"
2023-05-18 16:01:34,759 (DEBUG): o cliente enviou: "cima"
2023-05-18 16:01:34,759 (DEBUG): o cliente enviou: "p1"
2023-05-18 16:01:35,160 (DEBUG): o cliente enviou: "baix"
2023-05-18 16:01:35,160 (DEBUG): o cliente enviou: "p1"
2023-05-18 16:01:35,362 (DEBUG): o cliente enviou: "baix"
2023-05-18 16:01:35,362 (DEBUG): o cliente enviou: "p1"
2023-05-18 16:01:35,563 (DEBUG): o cliente enviou: "baix"
2023-05-18 16:01:35,563 (DEBUG): o cliente enviou: "p1"
2023-05-18 16:01:35,965 (DEBUG): o cliente enviou: "baix"
2023-05-18 16:01:35,965 (DEBUG): o cliente enviou: "p1"
2023-05-18 16:01:36,165 (DEBUG): o cliente enviou: "baix"
2023-05-18 16:01:36,165 (DEBUG): o cliente enviou: "p1"
2023-05-18 16:01:36,366 (DEBUG): o cliente enviou: "baix"
2023-05-18 16:01:36,366 (DEBUG): o cliente enviou: "p1"
2023-05-18 16:01:36,769 (DEBUG): o cliente enviou: "esqu"
2023-05-18 16:01:36,769 (DEBUG): o cliente enviou: "p1"
2023-05-18 16:01:37,069 (DEBUG): o cliente enviou: "cima"
2023-05-18 16:01:37,069 (DEBUG): o cliente enviou: "p1"
2023-05-18 16:01:37,973 (DEBUG): o cliente enviou: "esqu"
2023-05-18 16:01:37,973 (DEBUG): o cliente enviou: "p1"
2023-05-18 16:01:38,175 (DEBUG): o cliente enviou: "esqu"
2023-05-18 16:01:38,175 (DEBUG): o cliente enviou: "p1"
2023-05-18 16:01:38,375 (DEBUG): o cliente enviou: "esqu"
2023-05-18 16:01:38,375 (DEBUG): o cliente enviou: "p1"
2023-05-18 16:01:38,576 (DEBUG): o cliente enviou: "esqu"
2023-05-18 16:01:38,576 (DEBUG): o cliente enviou: "p1"
2023-05-18 16:01:38,778 (DEBUG): o cliente enviou: "esqu"
2023-05-18 16:01:38,778 (DEBUG): o cliente enviou: "p1"
2023-05-18 16:01:38,979 (DEBUG): o cliente enviou: "esqu"
2023-05-18 16:01:38,979 (DEBUG): o cliente enviou: "p1"
2023-05-18 16:01:39,181 (DEBUG): o cliente enviou: "esqu"
2023-05-18 16:01:39,181 (DEBUG): o cliente enviou: "p1"
2023-05-18 16:01:39,381 (DEBUG): o cliente enviou: "esqu"
2023-05-18 16:01:39,381 (DEBUG): o cliente enviou: "p1"
2023-05-18 16:01:39,581 (DEBUG): o cliente enviou: "esqu"
2023-05-18 16:01:39,581 (DEBUG): o cliente enviou: "p1"
2023-05-18 16:01:40,185 (DEBUG): o cliente enviou: "esqu"
2023-05-18 16:01:40,185 (DEBUG): o cliente enviou: "p1"
2023-05-18 16:01:40,486 (DEBUG): o cliente enviou: "dire"
2023-05-18 16:01:40,486 (DEBUG): o cliente enviou: "p1"
2023-05-18 16:01:40,888 (DEBUG): o cliente enviou: "dire"
2023-05-18 16:01:40,888 (DEBUG): o cliente enviou: "p1"
2023-05-18 16:01:41,088 (DEBUG): o cliente enviou: "dire"
2023-05-18 16:01:41,088 (DEBUG): o cliente enviou: "p1"
2023-05-18 16:01:41,290 (DEBUG): o cliente enviou: "dire"
2023-05-18 16:01:41,290 (DEBUG): o cliente enviou: "p1"
2023-05-18 16:01:41,492 (DEBUG): o cliente enviou: "dire"
2023-05-18 16:01:41,492 (DEBUG): o cliente enviou: "p1"
2023-05-18 16:01:41,693 (DEBUG): o cliente enviou: "dire"
2023-05-18 16:01:41,693 (DEBUG): o cliente enviou: "p1"
2023-05-18 16:01:41,894 (DEBUG): o cliente enviou: "dire"
2023-05-18 16:01:41,894 (DEBUG): o cliente enviou: "p1"
2023-05-18 16:01:42,095 (DEBUG): o cliente enviou: "dire"
2023-05-18 16:01:42,095 (DEBUG): o cliente enviou: "p1"
2023-05-18 16:01:42,296 (DEBUG): o cliente enviou: "dire"
2023-05-18 16:01:42,296 (DEBUG): o cliente enviou: "p1"
2023-05-18 16:01:42,498 (DEBUG): o cliente enviou: "dire"
2023-05-18 16:01:42,498 (DEBUG): o cliente enviou: "p1"
